-- The C compiler identification is GNU 11.4.0
-- The CXX compiler identification is GNU 11.4.0
-- Detecting C compiler ABI info
-- Detecting C compiler ABI info - done
-- Check for working C compiler: /usr/bin/cc - skipped
-- Detecting C compile features
-- Detecting C compile features - done
-- Detecting CXX compiler ABI info
-- Detecting CXX compiler ABI info - done
-- Check for working CXX compiler: /usr/bin/c++ - skipped
-- Detecting CXX compile features
-- Detecting CXX compile features - done
-- Found ament_cmake: 1.3.6 (/opt/ros/humble/share/ament_cmake/cmake)
-- Found Python3: /usr/bin/python3.10 (found version "3.10.12") found components: Interpreter 
-- Override CMake install command with custom implementation using symlinks instead of copying resources
-- Found ament_lint_auto: 0.12.9 (/opt/ros/humble/share/ament_lint_auto/cmake)
-- Added test 'flake8' to check Python code syntax and style conventions
-- Added test 'lint_cmake' to check CMake code style
-- Added test 'pep257' to check Python code against some of the docstring style conventions in PEP 257
-- Added test 'xmllint' to check XML markup files
-- Configuring done
-- Generating done
-- Build files have been written to: /home/vlad/Desktop/ChessRobotArm/build/robo_package
-- Install configuration: ""
-- Execute custom install script
-- Symlinking: /home/vlad/Desktop/ChessRobotArm/install/robo_package/share/robo_package/launch/robo_launcher.launch.py
-- Symlinking: /home/vlad/Desktop/ChessRobotArm/install/robo_package/share/robo_package/res/Macros.xacro
-- Symlinking: /home/vlad/Desktop/ChessRobotArm/install/robo_package/share/robo_package/res/Materials.xacro
-- Symlinking: /home/vlad/Desktop/ChessRobotArm/install/robo_package/share/robo_package/res/Parameters.xacro
-- Symlinking: /home/vlad/Desktop/ChessRobotArm/install/robo_package/share/robo_package/res/RobotArm.urdf.xacro
-- Symlinking: /home/vlad/Desktop/ChessRobotArm/install/robo_package/share/ament_index/resource_index/package_run_dependencies/robo_package
-- Symlinking: /home/vlad/Desktop/ChessRobotArm/install/robo_package/share/ament_index/resource_index/parent_prefix_path/robo_package
-- Symlinking: /home/vlad/Desktop/ChessRobotArm/install/robo_package/share/robo_package/environment/ament_prefix_path.sh
-- Symlinking: /home/vlad/Desktop/ChessRobotArm/install/robo_package/share/robo_package/environment/ament_prefix_path.dsv
-- Symlinking: /home/vlad/Desktop/ChessRobotArm/install/robo_package/share/robo_package/environment/path.sh
-- Symlinking: /home/vlad/Desktop/ChessRobotArm/install/robo_package/share/robo_package/environment/path.dsv
-- Symlinking: /home/vlad/Desktop/ChessRobotArm/install/robo_package/share/robo_package/local_setup.bash
-- Symlinking: /home/vlad/Desktop/ChessRobotArm/install/robo_package/share/robo_package/local_setup.sh
-- Symlinking: /home/vlad/Desktop/ChessRobotArm/install/robo_package/share/robo_package/local_setup.zsh
-- Symlinking: /home/vlad/Desktop/ChessRobotArm/install/robo_package/share/robo_package/local_setup.dsv
-- Symlinking: /home/vlad/Desktop/ChessRobotArm/install/robo_package/share/robo_package/package.dsv
-- Symlinking: /home/vlad/Desktop/ChessRobotArm/install/robo_package/share/ament_index/resource_index/packages/robo_package
-- Symlinking: /home/vlad/Desktop/ChessRobotArm/install/robo_package/share/robo_package/cmake/robo_packageConfig.cmake
-- Symlinking: /home/vlad/Desktop/ChessRobotArm/install/robo_package/share/robo_package/cmake/robo_packageConfig-version.cmake
-- Symlinking: /home/vlad/Desktop/ChessRobotArm/install/robo_package/share/robo_package/package.xml
